<?xml version="1.0" encoding="UTF-8"?>
<!-- Generated by org.testng.reporters.JUnitReportReporter -->
<testsuite skipped="0" hostname="DESKTOP-2T2R4BA" name="Assignment.Page7" tests="17" failures="0" timestamp="2020-11-23T14:53:02 IST" time="67.601" errors="0">
  <testcase name="verifyUrl" time="5.024" classname="Assignment.Page7"/>
  <system-out/>
  <testcase name="selectItemType" time="0.171" classname="Assignment.Page7"/>
  <system-out/>
  <testcase name="typeText" time="0.093" classname="Assignment.Page7"/>
  <system-out/>
  <testcase name="btnSearchClick" time="4.601" classname="Assignment.Page7"/>
  <system-out/>
  <testcase name="brandCheckBoxClick" time="8.768" classname="Assignment.Page7"/>
  <system-out/>
  <testcase name="selectProduct" time="5.788" classname="Assignment.Page7"/>
  <system-out/>
  <testcase name="selectProductSize" time="5.378" classname="Assignment.Page7"/>
  <system-out/>
  <testcase name="getItemTitle" time="0.135" classname="Assignment.Page7"/>
  <system-out/>
  <testcase name="addToCart" time="7.105" classname="Assignment.Page7"/>
  <system-out/>
  <testcase name="printPrice" time="5.059" classname="Assignment.Page7"/>
  <system-out/>
  <testcase name="clickCart" time="5.173" classname="Assignment.Page7"/>
  <system-out/>
  <testcase name="verifyCart" time="5.100" classname="Assignment.Page7"/>
  <system-out/>
  <testcase name="verifyQuantity" time="0.028" classname="Assignment.Page7"/>
  <system-out/>
  <testcase name="verifySubtotal" time="0.063" classname="Assignment.Page7"/>
  <system-out/>
  <testcase name="proceedToCheckout" time="2.992" classname="Assignment.Page7"/>
  <system-out/>
  <testcase name="createAccount" time="6.718" classname="Assignment.Page7"/>
  <system-out/>
  <testcase name="typeUserDetails" time="5.405" classname="Assignment.Page7"/>
  <system-out/>
</testsuite> <!-- Assignment.Page7 -->
